<?xml version="1.0" encoding="UTF-8"?>
<testsuite xmlns:xsi="http://www.w3.org/2001/XMLSchema-instance" xsi:noNamespaceSchemaLocation="https://maven.apache.org/surefire/maven-surefire-plugin/xsd/surefire-test-report.xsd" name="ua.com.stolkacha.RegistrationTest" time="14.48" tests="1" errors="0" skipped="0" failures="0">
  <properties>
    <property name="sun.desktop" value="gnome"/>
    <property name="awt.toolkit" value="sun.awt.X11.XToolkit"/>
    <property name="file.encoding.pkg" value="sun.io"/>
    <property name="java.specification.version" value="1.8"/>
    <property name="sun.cpu.isalist" value=""/>
    <property name="sun.jnu.encoding" value="UTF-8"/>
    <property name="java.class.path" value="/home/serhii/Desktop/AutomationProject/automation/target/test-classes:/home/serhii/Desktop/AutomationProject/automation/target/classes:/home/serhii/.m2/repository/com/codeborne/selenide/4.2.1/selenide-4.2.1.jar:/home/serhii/.m2/repository/org/apache/httpcomponents/httpcore/4.4.5/httpcore-4.4.5.jar:/home/serhii/.m2/repository/org/seleniumhq/selenium/selenium-java/3.0.1/selenium-java-3.0.1.jar:/home/serhii/.m2/repository/org/seleniumhq/selenium/selenium-chrome-driver/3.0.1/selenium-chrome-driver-3.0.1.jar:/home/serhii/.m2/repository/org/seleniumhq/selenium/selenium-remote-driver/3.0.1/selenium-remote-driver-3.0.1.jar:/home/serhii/.m2/repository/org/seleniumhq/selenium/selenium-api/3.0.1/selenium-api-3.0.1.jar:/home/serhii/.m2/repository/org/apache/commons/commons-exec/1.3/commons-exec-1.3.jar:/home/serhii/.m2/repository/net/java/dev/jna/jna-platform/4.1.0/jna-platform-4.1.0.jar:/home/serhii/.m2/repository/net/java/dev/jna/jna/4.1.0/jna-4.1.0.jar:/home/serhii/.m2/repository/org/seleniumhq/selenium/selenium-edge-driver/3.0.1/selenium-edge-driver-3.0.1.jar:/home/serhii/.m2/repository/org/seleniumhq/selenium/selenium-firefox-driver/3.0.1/selenium-firefox-driver-3.0.1.jar:/home/serhii/.m2/repository/org/seleniumhq/selenium/selenium-ie-driver/3.0.1/selenium-ie-driver-3.0.1.jar:/home/serhii/.m2/repository/org/seleniumhq/selenium/selenium-opera-driver/3.0.1/selenium-opera-driver-3.0.1.jar:/home/serhii/.m2/repository/org/seleniumhq/selenium/selenium-support/3.0.1/selenium-support-3.0.1.jar:/home/serhii/.m2/repository/net/sourceforge/htmlunit/htmlunit/2.23/htmlunit-2.23.jar:/home/serhii/.m2/repository/xalan/xalan/2.7.2/xalan-2.7.2.jar:/home/serhii/.m2/repository/xalan/serializer/2.7.2/serializer-2.7.2.jar:/home/serhii/.m2/repository/org/apache/commons/commons-lang3/3.4/commons-lang3-3.4.jar:/home/serhii/.m2/repository/org/apache/httpcomponents/httpclient/4.5.2/httpclient-4.5.2.jar:/home/serhii/.m2/repository/org/apache/httpcomponents/httpmime/4.5.2/httpmime-4.5.2.jar:/home/serhii/.m2/repository/net/sourceforge/htmlunit/htmlunit-core-js/2.23/htmlunit-core-js-2.23.jar:/home/serhii/.m2/repository/net/sourceforge/htmlunit/neko-htmlunit/2.23/neko-htmlunit-2.23.jar:/home/serhii/.m2/repository/xerces/xercesImpl/2.11.0/xercesImpl-2.11.0.jar:/home/serhii/.m2/repository/xml-apis/xml-apis/1.4.01/xml-apis-1.4.01.jar:/home/serhii/.m2/repository/net/sourceforge/cssparser/cssparser/0.9.20/cssparser-0.9.20.jar:/home/serhii/.m2/repository/org/w3c/css/sac/1.3/sac-1.3.jar:/home/serhii/.m2/repository/commons-io/commons-io/2.5/commons-io-2.5.jar:/home/serhii/.m2/repository/commons-logging/commons-logging/1.2/commons-logging-1.2.jar:/home/serhii/.m2/repository/org/eclipse/jetty/websocket/websocket-client/9.2.15.v20160210/websocket-client-9.2.15.v20160210.jar:/home/serhii/.m2/repository/org/eclipse/jetty/jetty-util/9.2.15.v20160210/jetty-util-9.2.15.v20160210.jar:/home/serhii/.m2/repository/org/eclipse/jetty/jetty-io/9.2.15.v20160210/jetty-io-9.2.15.v20160210.jar:/home/serhii/.m2/repository/org/eclipse/jetty/websocket/websocket-common/9.2.15.v20160210/websocket-common-9.2.15.v20160210.jar:/home/serhii/.m2/repository/org/eclipse/jetty/websocket/websocket-api/9.2.15.v20160210/websocket-api-9.2.15.v20160210.jar:/home/serhii/.m2/repository/com/google/code/gson/gson/2.8.0/gson-2.8.0.jar:/home/serhii/.m2/repository/com/google/guava/guava/20.0/guava-20.0.jar:/home/serhii/.m2/repository/net/lightbody/bmp/browsermob-core/2.1.2/browsermob-core-2.1.2.jar:/home/serhii/.m2/repository/net/lightbody/bmp/littleproxy/1.1.0-beta-bmp-13/littleproxy-1.1.0-beta-bmp-13.jar:/home/serhii/.m2/repository/com/fasterxml/jackson/core/jackson-core/2.7.5/jackson-core-2.7.5.jar:/home/serhii/.m2/repository/com/fasterxml/jackson/core/jackson-databind/2.7.5/jackson-databind-2.7.5.jar:/home/serhii/.m2/repository/com/fasterxml/jackson/core/jackson-annotations/2.7.5/jackson-annotations-2.7.5.jar:/home/serhii/.m2/repository/net/sf/uadetector/uadetector-resources/2014.10/uadetector-resources-2014.10.jar:/home/serhii/.m2/repository/net/sf/uadetector/uadetector-core/0.9.22/uadetector-core-0.9.22.jar:/home/serhii/.m2/repository/net/sf/qualitycheck/quality-check/1.3/quality-check-1.3.jar:/home/serhii/.m2/repository/com/google/code/findbugs/jsr305/2.0.3/jsr305-2.0.3.jar:/home/serhii/.m2/repository/javax/annotation/jsr250-api/1.0/jsr250-api-1.0.jar:/home/serhii/.m2/repository/dnsjava/dnsjava/2.1.7/dnsjava-2.1.7.jar:/home/serhii/.m2/repository/org/slf4j/slf4j-api/1.7.21/slf4j-api-1.7.21.jar:/home/serhii/.m2/repository/org/slf4j/jcl-over-slf4j/1.7.21/jcl-over-slf4j-1.7.21.jar:/home/serhii/.m2/repository/com/jcraft/jzlib/1.1.3/jzlib-1.1.3.jar:/home/serhii/.m2/repository/io/netty/netty-all/4.0.39.Final/netty-all-4.0.39.Final.jar:/home/serhii/.m2/repository/org/bouncycastle/bcprov-jdk15on/1.54/bcprov-jdk15on-1.54.jar:/home/serhii/.m2/repository/org/bouncycastle/bcpkix-jdk15on/1.54/bcpkix-jdk15on-1.54.jar:/home/serhii/.m2/repository/net/lightbody/bmp/mitm/2.1.2/mitm-2.1.2.jar:/home/serhii/.m2/repository/com/codeborne/phantomjsdriver/1.3.0/phantomjsdriver-1.3.0.jar:/home/serhii/.m2/repository/commons-codec/commons-codec/1.10/commons-codec-1.10.jar:/home/serhii/.m2/repository/junit/junit/4.12/junit-4.12.jar:/home/serhii/.m2/repository/org/hamcrest/hamcrest-core/1.3/hamcrest-core-1.3.jar:/home/serhii/.m2/repository/org/junit/platform/junit-platform-runner/1.0.1/junit-platform-runner-1.0.1.jar:/home/serhii/.m2/repository/org/junit/platform/junit-platform-suite-api/1.0.1/junit-platform-suite-api-1.0.1.jar:/home/serhii/.m2/repository/org/junit/platform/junit-platform-commons/1.0.1/junit-platform-commons-1.0.1.jar:/home/serhii/.m2/repository/org/junit/platform/junit-platform-launcher/1.0.1/junit-platform-launcher-1.0.1.jar:/home/serhii/.m2/repository/org/junit/platform/junit-platform-engine/1.0.1/junit-platform-engine-1.0.1.jar:/home/serhii/.m2/repository/org/opentest4j/opentest4j/1.0.0/opentest4j-1.0.0.jar:/home/serhii/.m2/repository/org/hamcrest/hamcrest-all/1.3/hamcrest-all-1.3.jar:"/>
    <property name="java.vm.vendor" value="Oracle Corporation"/>
    <property name="sun.arch.data.model" value="64"/>
    <property name="java.vendor.url" value="http://java.oracle.com/"/>
    <property name="user.timezone" value=""/>
    <property name="java.vm.specification.version" value="1.8"/>
    <property name="os.name" value="Linux"/>
    <property name="user.country" value="US"/>
    <property name="sun.java.launcher" value="SUN_STANDARD"/>
    <property name="sun.boot.library.path" value="/usr/lib/jvm/java-8-openjdk-amd64/jre/lib/amd64"/>
    <property name="sun.java.command" value="/home/serhii/Desktop/AutomationProject/automation/target/surefire/surefirebooter5988559890102299641.jar /home/serhii/Desktop/AutomationProject/automation/target/surefire 2018-02-11T06-04-17_992-jvmRun1 surefire6741768665635734335tmp surefire_02836665422996793882tmp"/>
    <property name="surefire.test.class.path" value="/home/serhii/Desktop/AutomationProject/automation/target/test-classes:/home/serhii/Desktop/AutomationProject/automation/target/classes:/home/serhii/.m2/repository/com/codeborne/selenide/4.2.1/selenide-4.2.1.jar:/home/serhii/.m2/repository/org/apache/httpcomponents/httpcore/4.4.5/httpcore-4.4.5.jar:/home/serhii/.m2/repository/org/seleniumhq/selenium/selenium-java/3.0.1/selenium-java-3.0.1.jar:/home/serhii/.m2/repository/org/seleniumhq/selenium/selenium-chrome-driver/3.0.1/selenium-chrome-driver-3.0.1.jar:/home/serhii/.m2/repository/org/seleniumhq/selenium/selenium-remote-driver/3.0.1/selenium-remote-driver-3.0.1.jar:/home/serhii/.m2/repository/org/seleniumhq/selenium/selenium-api/3.0.1/selenium-api-3.0.1.jar:/home/serhii/.m2/repository/org/apache/commons/commons-exec/1.3/commons-exec-1.3.jar:/home/serhii/.m2/repository/net/java/dev/jna/jna-platform/4.1.0/jna-platform-4.1.0.jar:/home/serhii/.m2/repository/net/java/dev/jna/jna/4.1.0/jna-4.1.0.jar:/home/serhii/.m2/repository/org/seleniumhq/selenium/selenium-edge-driver/3.0.1/selenium-edge-driver-3.0.1.jar:/home/serhii/.m2/repository/org/seleniumhq/selenium/selenium-firefox-driver/3.0.1/selenium-firefox-driver-3.0.1.jar:/home/serhii/.m2/repository/org/seleniumhq/selenium/selenium-ie-driver/3.0.1/selenium-ie-driver-3.0.1.jar:/home/serhii/.m2/repository/org/seleniumhq/selenium/selenium-opera-driver/3.0.1/selenium-opera-driver-3.0.1.jar:/home/serhii/.m2/repository/org/seleniumhq/selenium/selenium-support/3.0.1/selenium-support-3.0.1.jar:/home/serhii/.m2/repository/net/sourceforge/htmlunit/htmlunit/2.23/htmlunit-2.23.jar:/home/serhii/.m2/repository/xalan/xalan/2.7.2/xalan-2.7.2.jar:/home/serhii/.m2/repository/xalan/serializer/2.7.2/serializer-2.7.2.jar:/home/serhii/.m2/repository/org/apache/commons/commons-lang3/3.4/commons-lang3-3.4.jar:/home/serhii/.m2/repository/org/apache/httpcomponents/httpclient/4.5.2/httpclient-4.5.2.jar:/home/serhii/.m2/repository/org/apache/httpcomponents/httpmime/4.5.2/httpmime-4.5.2.jar:/home/serhii/.m2/repository/net/sourceforge/htmlunit/htmlunit-core-js/2.23/htmlunit-core-js-2.23.jar:/home/serhii/.m2/repository/net/sourceforge/htmlunit/neko-htmlunit/2.23/neko-htmlunit-2.23.jar:/home/serhii/.m2/repository/xerces/xercesImpl/2.11.0/xercesImpl-2.11.0.jar:/home/serhii/.m2/repository/xml-apis/xml-apis/1.4.01/xml-apis-1.4.01.jar:/home/serhii/.m2/repository/net/sourceforge/cssparser/cssparser/0.9.20/cssparser-0.9.20.jar:/home/serhii/.m2/repository/org/w3c/css/sac/1.3/sac-1.3.jar:/home/serhii/.m2/repository/commons-io/commons-io/2.5/commons-io-2.5.jar:/home/serhii/.m2/repository/commons-logging/commons-logging/1.2/commons-logging-1.2.jar:/home/serhii/.m2/repository/org/eclipse/jetty/websocket/websocket-client/9.2.15.v20160210/websocket-client-9.2.15.v20160210.jar:/home/serhii/.m2/repository/org/eclipse/jetty/jetty-util/9.2.15.v20160210/jetty-util-9.2.15.v20160210.jar:/home/serhii/.m2/repository/org/eclipse/jetty/jetty-io/9.2.15.v20160210/jetty-io-9.2.15.v20160210.jar:/home/serhii/.m2/repository/org/eclipse/jetty/websocket/websocket-common/9.2.15.v20160210/websocket-common-9.2.15.v20160210.jar:/home/serhii/.m2/repository/org/eclipse/jetty/websocket/websocket-api/9.2.15.v20160210/websocket-api-9.2.15.v20160210.jar:/home/serhii/.m2/repository/com/google/code/gson/gson/2.8.0/gson-2.8.0.jar:/home/serhii/.m2/repository/com/google/guava/guava/20.0/guava-20.0.jar:/home/serhii/.m2/repository/net/lightbody/bmp/browsermob-core/2.1.2/browsermob-core-2.1.2.jar:/home/serhii/.m2/repository/net/lightbody/bmp/littleproxy/1.1.0-beta-bmp-13/littleproxy-1.1.0-beta-bmp-13.jar:/home/serhii/.m2/repository/com/fasterxml/jackson/core/jackson-core/2.7.5/jackson-core-2.7.5.jar:/home/serhii/.m2/repository/com/fasterxml/jackson/core/jackson-databind/2.7.5/jackson-databind-2.7.5.jar:/home/serhii/.m2/repository/com/fasterxml/jackson/core/jackson-annotations/2.7.5/jackson-annotations-2.7.5.jar:/home/serhii/.m2/repository/net/sf/uadetector/uadetector-resources/2014.10/uadetector-resources-2014.10.jar:/home/serhii/.m2/repository/net/sf/uadetector/uadetector-core/0.9.22/uadetector-core-0.9.22.jar:/home/serhii/.m2/repository/net/sf/qualitycheck/quality-check/1.3/quality-check-1.3.jar:/home/serhii/.m2/repository/com/google/code/findbugs/jsr305/2.0.3/jsr305-2.0.3.jar:/home/serhii/.m2/repository/javax/annotation/jsr250-api/1.0/jsr250-api-1.0.jar:/home/serhii/.m2/repository/dnsjava/dnsjava/2.1.7/dnsjava-2.1.7.jar:/home/serhii/.m2/repository/org/slf4j/slf4j-api/1.7.21/slf4j-api-1.7.21.jar:/home/serhii/.m2/repository/org/slf4j/jcl-over-slf4j/1.7.21/jcl-over-slf4j-1.7.21.jar:/home/serhii/.m2/repository/com/jcraft/jzlib/1.1.3/jzlib-1.1.3.jar:/home/serhii/.m2/repository/io/netty/netty-all/4.0.39.Final/netty-all-4.0.39.Final.jar:/home/serhii/.m2/repository/org/bouncycastle/bcprov-jdk15on/1.54/bcprov-jdk15on-1.54.jar:/home/serhii/.m2/repository/org/bouncycastle/bcpkix-jdk15on/1.54/bcpkix-jdk15on-1.54.jar:/home/serhii/.m2/repository/net/lightbody/bmp/mitm/2.1.2/mitm-2.1.2.jar:/home/serhii/.m2/repository/com/codeborne/phantomjsdriver/1.3.0/phantomjsdriver-1.3.0.jar:/home/serhii/.m2/repository/commons-codec/commons-codec/1.10/commons-codec-1.10.jar:/home/serhii/.m2/repository/junit/junit/4.12/junit-4.12.jar:/home/serhii/.m2/repository/org/hamcrest/hamcrest-core/1.3/hamcrest-core-1.3.jar:/home/serhii/.m2/repository/org/junit/platform/junit-platform-runner/1.0.1/junit-platform-runner-1.0.1.jar:/home/serhii/.m2/repository/org/junit/platform/junit-platform-suite-api/1.0.1/junit-platform-suite-api-1.0.1.jar:/home/serhii/.m2/repository/org/junit/platform/junit-platform-commons/1.0.1/junit-platform-commons-1.0.1.jar:/home/serhii/.m2/repository/org/junit/platform/junit-platform-launcher/1.0.1/junit-platform-launcher-1.0.1.jar:/home/serhii/.m2/repository/org/junit/platform/junit-platform-engine/1.0.1/junit-platform-engine-1.0.1.jar:/home/serhii/.m2/repository/org/opentest4j/opentest4j/1.0.0/opentest4j-1.0.0.jar:/home/serhii/.m2/repository/org/hamcrest/hamcrest-all/1.3/hamcrest-all-1.3.jar:"/>
    <property name="sun.cpu.endian" value="little"/>
    <property name="user.home" value="/home/serhii"/>
    <property name="user.language" value="en"/>
    <property name="java.specification.vendor" value="Oracle Corporation"/>
    <property name="java.home" value="/usr/lib/jvm/java-8-openjdk-amd64/jre"/>
    <property name="basedir" value="/home/serhii/Desktop/AutomationProject/automation"/>
    <property name="file.separator" value="/"/>
    <property name="line.separator" value="&#10;"/>
    <property name="java.vm.specification.vendor" value="Oracle Corporation"/>
    <property name="java.specification.name" value="Java Platform API Specification"/>
    <property name="java.awt.graphicsenv" value="sun.awt.X11GraphicsEnvironment"/>
    <property name="surefire.real.class.path" value="/home/serhii/Desktop/AutomationProject/automation/target/surefire/surefirebooter5988559890102299641.jar"/>
    <property name="sun.boot.class.path" value="/usr/lib/jvm/java-8-openjdk-amd64/jre/lib/resources.jar:/usr/lib/jvm/java-8-openjdk-amd64/jre/lib/rt.jar:/usr/lib/jvm/java-8-openjdk-amd64/jre/lib/sunrsasign.jar:/usr/lib/jvm/java-8-openjdk-amd64/jre/lib/jsse.jar:/usr/lib/jvm/java-8-openjdk-amd64/jre/lib/jce.jar:/usr/lib/jvm/java-8-openjdk-amd64/jre/lib/charsets.jar:/usr/lib/jvm/java-8-openjdk-amd64/jre/lib/jfr.jar:/usr/lib/jvm/java-8-openjdk-amd64/jre/classes"/>
    <property name="sun.management.compiler" value="HotSpot 64-Bit Tiered Compilers"/>
    <property name="java.runtime.version" value="1.8.0_151-8u151-b12-0ubuntu0.16.04.2-b12"/>
    <property name="user.name" value="serhii"/>
    <property name="path.separator" value=":"/>
    <property name="os.version" value="4.13.0-32-generic"/>
    <property name="java.endorsed.dirs" value="/usr/lib/jvm/java-8-openjdk-amd64/jre/lib/endorsed"/>
    <property name="java.runtime.name" value="OpenJDK Runtime Environment"/>
    <property name="file.encoding" value="UTF-8"/>
    <property name="java.vm.name" value="OpenJDK 64-Bit Server VM"/>
    <property name="localRepository" value="/home/serhii/.m2/repository"/>
    <property name="java.vendor.url.bug" value="http://bugreport.sun.com/bugreport/"/>
    <property name="java.io.tmpdir" value="/tmp"/>
    <property name="java.version" value="1.8.0_151"/>
    <property name="user.dir" value="/home/serhii/Desktop/AutomationProject/automation"/>
    <property name="os.arch" value="amd64"/>
    <property name="java.vm.specification.name" value="Java Virtual Machine Specification"/>
    <property name="java.awt.printerjob" value="sun.print.PSPrinterJob"/>
    <property name="sun.os.patch.level" value="unknown"/>
    <property name="java.library.path" value="/usr/java/packages/lib/amd64:/usr/lib/x86_64-linux-gnu/jni:/lib/x86_64-linux-gnu:/usr/lib/x86_64-linux-gnu:/usr/lib/jni:/lib:/usr/lib"/>
    <property name="java.vm.info" value="mixed mode"/>
    <property name="java.vendor" value="Oracle Corporation"/>
    <property name="java.vm.version" value="25.151-b12"/>
    <property name="java.ext.dirs" value="/usr/lib/jvm/java-8-openjdk-amd64/jre/lib/ext:/usr/java/packages/lib/ext"/>
    <property name="sun.io.unicode.encoding" value="UnicodeLittle"/>
    <property name="java.class.version" value="52.0"/>
  </properties>
  <testcase name="testRegistration" classname="ua.com.stolkacha.RegistrationTest" time="14.476"/>
</testsuite>